This file contains any messages produced by compilers while
running configure, to aid debugging if configure makes a mistake.

It was created by configure, which was
generated by GNU Autoconf 2.69.  Invocation command line was

  $ //mnt/c/Users/cetha/app/dist-newstyle/tmp/src-66120/unix-time-0.4.12/configure --with-compiler=ghc --prefix=/home/ethanc9/.cabal/store/ghc-9.4.8/unix-time-0.4.12-e16abe3db2ba6202eaf67ba80810349b3d90e280f66a88f4c82f90dd309c9373 --bindir=/home/ethanc9/.cabal/store/ghc-9.4.8/unix-time-0.4.12-e16abe3db2ba6202eaf67ba80810349b3d90e280f66a88f4c82f90dd309c9373/bin --libdir=/home/ethanc9/.cabal/store/ghc-9.4.8/unix-time-0.4.12-e16abe3db2ba6202eaf67ba80810349b3d90e280f66a88f4c82f90dd309c9373/lib --libexecdir=/home/ethanc9/.cabal/store/ghc-9.4.8/unix-time-0.4.12-e16abe3db2ba6202eaf67ba80810349b3d90e280f66a88f4c82f90dd309c9373/libexec --datadir=/home/ethanc9/.cabal/store/ghc-9.4.8/unix-time-0.4.12-e16abe3db2ba6202eaf67ba80810349b3d90e280f66a88f4c82f90dd309c9373/share --sysconfdir=/home/ethanc9/.cabal/store/ghc-9.4.8/unix-time-0.4.12-e16abe3db2ba6202eaf67ba80810349b3d90e280f66a88f4c82f90dd309c9373/etc CC=/usr/bin/gcc

## --------- ##
## Platform. ##
## --------- ##

hostname = LAPTOP-T468MLNQ
uname -m = x86_64
uname -r = 5.15.133.1-microsoft-standard-WSL2
uname -s = Linux
uname -v = #1 SMP Thu Oct 5 21:02:42 UTC 2023

/usr/bin/uname -p = x86_64
/bin/uname -X     = unknown

/bin/arch              = x86_64
/usr/bin/arch -k       = unknown
/usr/convex/getsysinfo = unknown
/usr/bin/hostinfo      = unknown
/bin/machine           = unknown
/usr/bin/oslevel       = unknown
/bin/universe          = unknown

PATH: /home/ethanc9/.cabal/bin
PATH: /home/ethanc9/.cabal/store/ghc-9.4.8/hsc2hs-0.68.10-e-hsc2hs-e1e04e9d85fcf23d3134717cebcca1931c6896f4cb7a8d19e69d948a0462b63e/bin
PATH: /home/ethanc9/.opam/cs3110-2024sp/bin
PATH: /home/ethanc9/.cabal/bin
PATH: /home/ethanc9/.ghcup/bin
PATH: /usr/local/sbin
PATH: /usr/local/bin
PATH: /usr/sbin
PATH: /usr/bin
PATH: /sbin
PATH: /bin
PATH: /usr/games
PATH: /usr/local/games
PATH: /usr/lib/wsl/lib
PATH: /mnt/c/Program Files (x86)/Common Files/Oracle/Java/javapath
PATH: /mnt/c/Windows/system32
PATH: /mnt/c/Windows
PATH: /mnt/c/Windows/System32/Wbem
PATH: /mnt/c/Windows/System32/WindowsPowerShell/v1.0/
PATH: /mnt/c/Windows/System32/OpenSSH/
PATH: /mnt/c/Program Files (x86)/NVIDIA Corporation/PhysX/Common
PATH: /mnt/c/Program Files/NVIDIA Corporation/NVIDIA NvDLISR
PATH: /mnt/c/WINDOWS/system32
PATH: /mnt/c/WINDOWS
PATH: /mnt/c/WINDOWS/System32/Wbem
PATH: /mnt/c/WINDOWS/System32/WindowsPowerShell/v1.0/
PATH: /mnt/c/WINDOWS/System32/OpenSSH/
PATH: /mnt/c/Program Files/Git/cmd
PATH: /mnt/c/Program Files/Docker/Docker/resources/bin
PATH: /mnt/c/Program Files/nodejs/
PATH: /mnt/c/ProgramData/chocolatey/bin
PATH: /mnt/c/Users/cetha/AppData/Local/Microsoft/WindowsApps
PATH: /mnt/c/Users/cetha/AppData/Local/Programs/Microsoft VS Code/bin
PATH: /mnt/c/Users/cetha/AppData/Roaming/npm
PATH: /mnt/c/ghcup/bin
PATH: /snap/bin


## ----------- ##
## Core tests. ##
## ----------- ##

configure:2191: checking for gcc
configure:2218: result: /usr/bin/gcc
configure:2447: checking for C compiler version
configure:2456: /usr/bin/gcc --version >&5
gcc (Ubuntu 11.4.0-1ubuntu1~22.04) 11.4.0
Copyright (C) 2021 Free Software Foundation, Inc.
This is free software; see the source for copying conditions.  There is NO
warranty; not even for MERCHANTABILITY or FITNESS FOR A PARTICULAR PURPOSE.

configure:2467: $? = 0
configure:2456: /usr/bin/gcc -v >&5
Using built-in specs.
COLLECT_GCC=/usr/bin/gcc
COLLECT_LTO_WRAPPER=/usr/lib/gcc/x86_64-linux-gnu/11/lto-wrapper
OFFLOAD_TARGET_NAMES=nvptx-none:amdgcn-amdhsa
OFFLOAD_TARGET_DEFAULT=1
Target: x86_64-linux-gnu
Configured with: ../src/configure -v --with-pkgversion='Ubuntu 11.4.0-1ubuntu1~22.04' --with-bugurl=file:///usr/share/doc/gcc-11/README.Bugs --enable-languages=c,ada,c++,go,brig,d,fortran,objc,obj-c++,m2 --prefix=/usr --with-gcc-major-version-only --program-suffix=-11 --program-prefix=x86_64-linux-gnu- --enable-shared --enable-linker-build-id --libexecdir=/usr/lib --without-included-gettext --enable-threads=posix --libdir=/usr/lib --enable-nls --enable-bootstrap --enable-clocale=gnu --enable-libstdcxx-debug --enable-libstdcxx-time=yes --with-default-libstdcxx-abi=new --enable-gnu-unique-object --disable-vtable-verify --enable-plugin --enable-default-pie --with-system-zlib --enable-libphobos-checking=release --with-target-system-zlib=auto --enable-objc-gc=auto --enable-multiarch --disable-werror --enable-cet --with-arch-32=i686 --with-abi=m64 --with-multilib-list=m32,m64,mx32 --enable-multilib --with-tune=generic --enable-offload-targets=nvptx-none=/build/gcc-11-XeT9lY/gcc-11-11.4.0/debian/tmp-nvptx/usr,amdgcn-amdhsa=/build/gcc-11-XeT9lY/gcc-11-11.4.0/debian/tmp-gcn/usr --without-cuda-driver --enable-checking=release --build=x86_64-linux-gnu --host=x86_64-linux-gnu --target=x86_64-linux-gnu --with-build-config=bootstrap-lto-lean --enable-link-serialization=2
Thread model: posix
Supported LTO compression algorithms: zlib zstd
gcc version 11.4.0 (Ubuntu 11.4.0-1ubuntu1~22.04) 
... rest of stderr output deleted ...
configure:2467: $? = 0
configure:2456: /usr/bin/gcc -V >&5
gcc: error: unrecognized command-line option '-V'
gcc: fatal error: no input files
compilation terminated.
configure:2467: $? = 1
configure:2456: /usr/bin/gcc -qversion >&5
gcc: error: unrecognized command-line option '-qversion'; did you mean '--version'?
gcc: fatal error: no input files
compilation terminated.
configure:2467: $? = 1
configure:2487: checking whether the C compiler works
configure:2509: /usr/bin/gcc -fuse-ld=gold   conftest.c  >&5
configure:2513: $? = 0
configure:2561: result: yes
configure:2564: checking for C compiler default output file name
configure:2566: result: a.out
configure:2572: checking for suffix of executables
configure:2579: /usr/bin/gcc -o conftest -fuse-ld=gold   conftest.c  >&5
configure:2583: $? = 0
configure:2605: result: 
configure:2627: checking whether we are cross compiling
configure:2635: /usr/bin/gcc -o conftest -fuse-ld=gold   conftest.c  >&5
configure:2639: $? = 0
configure:2646: ./conftest
configure:2650: $? = 0
configure:2665: result: no
configure:2670: checking for suffix of object files
configure:2692: /usr/bin/gcc -c -fuse-ld=gold  conftest.c >&5
configure:2696: $? = 0
configure:2717: result: o
configure:2721: checking whether we are using the GNU C compiler
configure:2740: /usr/bin/gcc -c -fuse-ld=gold  conftest.c >&5
configure:2740: $? = 0
configure:2749: result: yes
configure:2758: checking whether /usr/bin/gcc accepts -g
configure:2778: /usr/bin/gcc -c -g  conftest.c >&5
configure:2778: $? = 0
configure:2819: result: yes
configure:2836: checking for /usr/bin/gcc option to accept ISO C89
configure:2899: /usr/bin/gcc  -c -fuse-ld=gold  conftest.c >&5
configure:2899: $? = 0
configure:2912: result: none needed
configure:2938: checking how to run the C preprocessor
configure:2969: /usr/bin/gcc -E  conftest.c
configure:2969: $? = 0
configure:2983: /usr/bin/gcc -E  conftest.c
conftest.c:9:10: fatal error: ac_nonexistent.h: No such file or directory
    9 | #include <ac_nonexistent.h>
      |          ^~~~~~~~~~~~~~~~~~
compilation terminated.
configure:2983: $? = 1
configure: failed program was:
| /* confdefs.h */
| #define PACKAGE_NAME ""
| #define PACKAGE_TARNAME ""
| #define PACKAGE_VERSION ""
| #define PACKAGE_STRING ""
| #define PACKAGE_BUGREPORT ""
| #define PACKAGE_URL ""
| /* end confdefs.h.  */
| #include <ac_nonexistent.h>
configure:3008: result: /usr/bin/gcc -E
configure:3028: /usr/bin/gcc -E  conftest.c
configure:3028: $? = 0
configure:3042: /usr/bin/gcc -E  conftest.c
conftest.c:9:10: fatal error: ac_nonexistent.h: No such file or directory
    9 | #include <ac_nonexistent.h>
      |          ^~~~~~~~~~~~~~~~~~
compilation terminated.
configure:3042: $? = 1
configure: failed program was:
| /* confdefs.h */
| #define PACKAGE_NAME ""
| #define PACKAGE_TARNAME ""
| #define PACKAGE_VERSION ""
| #define PACKAGE_STRING ""
| #define PACKAGE_BUGREPORT ""
| #define PACKAGE_URL ""
| /* end confdefs.h.  */
| #include <ac_nonexistent.h>
configure:3071: checking for grep that handles long lines and -e
configure:3129: result: /usr/bin/grep
configure:3134: checking for egrep
configure:3196: result: /usr/bin/grep -E
configure:3201: checking for ANSI C header files
configure:3221: /usr/bin/gcc -c -fuse-ld=gold  conftest.c >&5
configure:3221: $? = 0
configure:3294: /usr/bin/gcc -o conftest -fuse-ld=gold   conftest.c  >&5
configure:3294: $? = 0
configure:3294: ./conftest
configure:3294: $? = 0
configure:3305: result: yes
configure:3318: checking for sys/types.h
configure:3318: /usr/bin/gcc -c -fuse-ld=gold  conftest.c >&5
configure:3318: $? = 0
configure:3318: result: yes
configure:3318: checking for sys/stat.h
configure:3318: /usr/bin/gcc -c -fuse-ld=gold  conftest.c >&5
configure:3318: $? = 0
configure:3318: result: yes
configure:3318: checking for stdlib.h
configure:3318: /usr/bin/gcc -c -fuse-ld=gold  conftest.c >&5
configure:3318: $? = 0
configure:3318: result: yes
configure:3318: checking for string.h
configure:3318: /usr/bin/gcc -c -fuse-ld=gold  conftest.c >&5
configure:3318: $? = 0
configure:3318: result: yes
configure:3318: checking for memory.h
configure:3318: /usr/bin/gcc -c -fuse-ld=gold  conftest.c >&5
configure:3318: $? = 0
configure:3318: result: yes
configure:3318: checking for strings.h
configure:3318: /usr/bin/gcc -c -fuse-ld=gold  conftest.c >&5
configure:3318: $? = 0
configure:3318: result: yes
configure:3318: checking for inttypes.h
configure:3318: /usr/bin/gcc -c -fuse-ld=gold  conftest.c >&5
configure:3318: $? = 0
configure:3318: result: yes
configure:3318: checking for stdint.h
configure:3318: /usr/bin/gcc -c -fuse-ld=gold  conftest.c >&5
configure:3318: $? = 0
configure:3318: result: yes
configure:3318: checking for unistd.h
configure:3318: /usr/bin/gcc -c -fuse-ld=gold  conftest.c >&5
configure:3318: $? = 0
configure:3318: result: yes
configure:3332: checking xlocale.h usability
configure:3332: /usr/bin/gcc -c -fuse-ld=gold  conftest.c >&5
conftest.c:52:10: fatal error: xlocale.h: No such file or directory
   52 | #include <xlocale.h>
      |          ^~~~~~~~~~~
compilation terminated.
configure:3332: $? = 1
configure: failed program was:
| /* confdefs.h */
| #define PACKAGE_NAME ""
| #define PACKAGE_TARNAME ""
| #define PACKAGE_VERSION ""
| #define PACKAGE_STRING ""
| #define PACKAGE_BUGREPORT ""
| #define PACKAGE_URL ""
| #define STDC_HEADERS 1
| #define HAVE_SYS_TYPES_H 1
| #define HAVE_SYS_STAT_H 1
| #define HAVE_STDLIB_H 1
| #define HAVE_STRING_H 1
| #define HAVE_MEMORY_H 1
| #define HAVE_STRINGS_H 1
| #define HAVE_INTTYPES_H 1
| #define HAVE_STDINT_H 1
| #define HAVE_UNISTD_H 1
| /* end confdefs.h.  */
| #include <stdio.h>
| #ifdef HAVE_SYS_TYPES_H
| # include <sys/types.h>
| #endif
| #ifdef HAVE_SYS_STAT_H
| # include <sys/stat.h>
| #endif
| #ifdef STDC_HEADERS
| # include <stdlib.h>
| # include <stddef.h>
| #else
| # ifdef HAVE_STDLIB_H
| #  include <stdlib.h>
| # endif
| #endif
| #ifdef HAVE_STRING_H
| # if !defined STDC_HEADERS && defined HAVE_MEMORY_H
| #  include <memory.h>
| # endif
| # include <string.h>
| #endif
| #ifdef HAVE_STRINGS_H
| # include <strings.h>
| #endif
| #ifdef HAVE_INTTYPES_H
| # include <inttypes.h>
| #endif
| #ifdef HAVE_STDINT_H
| # include <stdint.h>
| #endif
| #ifdef HAVE_UNISTD_H
| # include <unistd.h>
| #endif
| #include <xlocale.h>
configure:3332: result: no
configure:3332: checking xlocale.h presence
configure:3332: /usr/bin/gcc -E  conftest.c
conftest.c:19:10: fatal error: xlocale.h: No such file or directory
   19 | #include <xlocale.h>
      |          ^~~~~~~~~~~
compilation terminated.
configure:3332: $? = 1
configure: failed program was:
| /* confdefs.h */
| #define PACKAGE_NAME ""
| #define PACKAGE_TARNAME ""
| #define PACKAGE_VERSION ""
| #define PACKAGE_STRING ""
| #define PACKAGE_BUGREPORT ""
| #define PACKAGE_URL ""
| #define STDC_HEADERS 1
| #define HAVE_SYS_TYPES_H 1
| #define HAVE_SYS_STAT_H 1
| #define HAVE_STDLIB_H 1
| #define HAVE_STRING_H 1
| #define HAVE_MEMORY_H 1
| #define HAVE_STRINGS_H 1
| #define HAVE_INTTYPES_H 1
| #define HAVE_STDINT_H 1
| #define HAVE_UNISTD_H 1
| /* end confdefs.h.  */
| #include <xlocale.h>
configure:3332: result: no
configure:3332: checking for xlocale.h
configure:3332: result: no
configure:3345: checking for strptime_l
configure:3345: /usr/bin/gcc -o conftest -fuse-ld=gold   conftest.c  >&5
configure:3345: $? = 0
configure:3345: result: yes
configure:3356: checking for timegm
configure:3356: /usr/bin/gcc -o conftest -fuse-ld=gold   conftest.c  >&5
configure:3356: $? = 0
configure:3356: result: yes
configure:3365: checking whether _mkgmtime is declared
configure:3365: /usr/bin/gcc -c -fuse-ld=gold  conftest.c >&5
conftest.c: In function 'main':
conftest.c:30:10: error: '_mkgmtime' undeclared (first use in this function); did you mean 'gmtime'?
   30 |   (void) _mkgmtime;
      |          ^~~~~~~~~
      |          gmtime
conftest.c:30:10: note: each undeclared identifier is reported only once for each function it appears in
configure:3365: $? = 1
configure: failed program was:
| /* confdefs.h */
| #define PACKAGE_NAME ""
| #define PACKAGE_TARNAME ""
| #define PACKAGE_VERSION ""
| #define PACKAGE_STRING ""
| #define PACKAGE_BUGREPORT ""
| #define PACKAGE_URL ""
| #define STDC_HEADERS 1
| #define HAVE_SYS_TYPES_H 1
| #define HAVE_SYS_STAT_H 1
| #define HAVE_STDLIB_H 1
| #define HAVE_STRING_H 1
| #define HAVE_MEMORY_H 1
| #define HAVE_STRINGS_H 1
| #define HAVE_INTTYPES_H 1
| #define HAVE_STDINT_H 1
| #define HAVE_UNISTD_H 1
| #define HAVE_STRPTIME_L 1
| #define HAVE_TIMEGM 1
| /* end confdefs.h.  */
| #include <time.h>
| 
| int
| main ()
| {
| #ifndef _mkgmtime
| #ifdef __cplusplus
|   (void) _mkgmtime;
| #else
|   (void) _mkgmtime;
| #endif
| #endif
| 
|   ;
|   return 0;
| }
configure:3365: result: no
configure:3379: checking for _get_current_locale
configure:3379: /usr/bin/gcc -o conftest -fuse-ld=gold   conftest.c  >&5
/tmp/cc1ktF6X.o:conftest.c:function main: error: undefined reference to '_get_current_locale'
collect2: error: ld returned 1 exit status
configure:3379: $? = 1
configure: failed program was:
| /* confdefs.h */
| #define PACKAGE_NAME ""
| #define PACKAGE_TARNAME ""
| #define PACKAGE_VERSION ""
| #define PACKAGE_STRING ""
| #define PACKAGE_BUGREPORT ""
| #define PACKAGE_URL ""
| #define STDC_HEADERS 1
| #define HAVE_SYS_TYPES_H 1
| #define HAVE_SYS_STAT_H 1
| #define HAVE_STDLIB_H 1
| #define HAVE_STRING_H 1
| #define HAVE_MEMORY_H 1
| #define HAVE_STRINGS_H 1
| #define HAVE_INTTYPES_H 1
| #define HAVE_STDINT_H 1
| #define HAVE_UNISTD_H 1
| #define HAVE_STRPTIME_L 1
| #define HAVE_TIMEGM 1
| #define HAVE_DECL__MKGMTIME 0
| /* end confdefs.h.  */
| /* Define _get_current_locale to an innocuous variant, in case <limits.h> declares _get_current_locale.
|    For example, HP-UX 11i <limits.h> declares gettimeofday.  */
| #define _get_current_locale innocuous__get_current_locale
| 
| /* System header to define __stub macros and hopefully few prototypes,
|     which can conflict with char _get_current_locale (); below.
|     Prefer <limits.h> to <assert.h> if __STDC__ is defined, since
|     <limits.h> exists even on freestanding compilers.  */
| 
| #ifdef __STDC__
| # include <limits.h>
| #else
| # include <assert.h>
| #endif
| 
| #undef _get_current_locale
| 
| /* Override any GCC internal prototype to avoid an error.
|    Use char because int might match the return type of a GCC
|    builtin and then its argument prototype would still apply.  */
| #ifdef __cplusplus
| extern "C"
| #endif
| char _get_current_locale ();
| /* The GNU C library defines this for functions which it implements
|     to always fail with ENOSYS.  Some functions are actually named
|     something starting with __ and the normal name is an alias.  */
| #if defined __stub__get_current_locale || defined __stub____get_current_locale
| choke me
| #endif
| 
| int
| main ()
| {
| return _get_current_locale ();
|   ;
|   return 0;
| }
configure:3379: result: no
configure:3390: checking for _create_locale
configure:3390: /usr/bin/gcc -o conftest -fuse-ld=gold   conftest.c  >&5
/tmp/ccBGu5Hd.o:conftest.c:function main: error: undefined reference to '_create_locale'
collect2: error: ld returned 1 exit status
configure:3390: $? = 1
configure: failed program was:
| /* confdefs.h */
| #define PACKAGE_NAME ""
| #define PACKAGE_TARNAME ""
| #define PACKAGE_VERSION ""
| #define PACKAGE_STRING ""
| #define PACKAGE_BUGREPORT ""
| #define PACKAGE_URL ""
| #define STDC_HEADERS 1
| #define HAVE_SYS_TYPES_H 1
| #define HAVE_SYS_STAT_H 1
| #define HAVE_STDLIB_H 1
| #define HAVE_STRING_H 1
| #define HAVE_MEMORY_H 1
| #define HAVE_STRINGS_H 1
| #define HAVE_INTTYPES_H 1
| #define HAVE_STDINT_H 1
| #define HAVE_UNISTD_H 1
| #define HAVE_STRPTIME_L 1
| #define HAVE_TIMEGM 1
| #define HAVE_DECL__MKGMTIME 0
| /* end confdefs.h.  */
| /* Define _create_locale to an innocuous variant, in case <limits.h> declares _create_locale.
|    For example, HP-UX 11i <limits.h> declares gettimeofday.  */
| #define _create_locale innocuous__create_locale
| 
| /* System header to define __stub macros and hopefully few prototypes,
|     which can conflict with char _create_locale (); below.
|     Prefer <limits.h> to <assert.h> if __STDC__ is defined, since
|     <limits.h> exists even on freestanding compilers.  */
| 
| #ifdef __STDC__
| # include <limits.h>
| #else
| # include <assert.h>
| #endif
| 
| #undef _create_locale
| 
| /* Override any GCC internal prototype to avoid an error.
|    Use char because int might match the return type of a GCC
|    builtin and then its argument prototype would still apply.  */
| #ifdef __cplusplus
| extern "C"
| #endif
| char _create_locale ();
| /* The GNU C library defines this for functions which it implements
|     to always fail with ENOSYS.  Some functions are actually named
|     something starting with __ and the normal name is an alias.  */
| #if defined __stub__create_locale || defined __stub____create_locale
| choke me
| #endif
| 
| int
| main ()
| {
| return _create_locale ();
|   ;
|   return 0;
| }
configure:3390: result: no
configure:3401: checking for strtol_l
configure:3401: /usr/bin/gcc -o conftest -fuse-ld=gold   conftest.c  >&5
configure:3401: $? = 0
configure:3401: result: yes
configure:3412: checking for strtoll_l
configure:3412: /usr/bin/gcc -o conftest -fuse-ld=gold   conftest.c  >&5
configure:3412: $? = 0
configure:3412: result: yes
configure:3423: checking for _isspace_l
configure:3423: /usr/bin/gcc -o conftest -fuse-ld=gold   conftest.c  >&5
/tmp/ccVtflpS.o:conftest.c:function main: error: undefined reference to '_isspace_l'
collect2: error: ld returned 1 exit status
configure:3423: $? = 1
configure: failed program was:
| /* confdefs.h */
| #define PACKAGE_NAME ""
| #define PACKAGE_TARNAME ""
| #define PACKAGE_VERSION ""
| #define PACKAGE_STRING ""
| #define PACKAGE_BUGREPORT ""
| #define PACKAGE_URL ""
| #define STDC_HEADERS 1
| #define HAVE_SYS_TYPES_H 1
| #define HAVE_SYS_STAT_H 1
| #define HAVE_STDLIB_H 1
| #define HAVE_STRING_H 1
| #define HAVE_MEMORY_H 1
| #define HAVE_STRINGS_H 1
| #define HAVE_INTTYPES_H 1
| #define HAVE_STDINT_H 1
| #define HAVE_UNISTD_H 1
| #define HAVE_STRPTIME_L 1
| #define HAVE_TIMEGM 1
| #define HAVE_DECL__MKGMTIME 0
| #define HAVE_STRTOL_L 1
| #define HAVE_STRTOLL_L 1
| /* end confdefs.h.  */
| /* Define _isspace_l to an innocuous variant, in case <limits.h> declares _isspace_l.
|    For example, HP-UX 11i <limits.h> declares gettimeofday.  */
| #define _isspace_l innocuous__isspace_l
| 
| /* System header to define __stub macros and hopefully few prototypes,
|     which can conflict with char _isspace_l (); below.
|     Prefer <limits.h> to <assert.h> if __STDC__ is defined, since
|     <limits.h> exists even on freestanding compilers.  */
| 
| #ifdef __STDC__
| # include <limits.h>
| #else
| # include <assert.h>
| #endif
| 
| #undef _isspace_l
| 
| /* Override any GCC internal prototype to avoid an error.
|    Use char because int might match the return type of a GCC
|    builtin and then its argument prototype would still apply.  */
| #ifdef __cplusplus
| extern "C"
| #endif
| char _isspace_l ();
| /* The GNU C library defines this for functions which it implements
|     to always fail with ENOSYS.  Some functions are actually named
|     something starting with __ and the normal name is an alias.  */
| #if defined __stub__isspace_l || defined __stub____isspace_l
| choke me
| #endif
| 
| int
| main ()
| {
| return _isspace_l ();
|   ;
|   return 0;
| }
configure:3423: result: no
configure:3434: checking for _isupper_l
configure:3434: /usr/bin/gcc -o conftest -fuse-ld=gold   conftest.c  >&5
/tmp/cchPTKDG.o:conftest.c:function main: error: undefined reference to '_isupper_l'
collect2: error: ld returned 1 exit status
configure:3434: $? = 1
configure: failed program was:
| /* confdefs.h */
| #define PACKAGE_NAME ""
| #define PACKAGE_TARNAME ""
| #define PACKAGE_VERSION ""
| #define PACKAGE_STRING ""
| #define PACKAGE_BUGREPORT ""
| #define PACKAGE_URL ""
| #define STDC_HEADERS 1
| #define HAVE_SYS_TYPES_H 1
| #define HAVE_SYS_STAT_H 1
| #define HAVE_STDLIB_H 1
| #define HAVE_STRING_H 1
| #define HAVE_MEMORY_H 1
| #define HAVE_STRINGS_H 1
| #define HAVE_INTTYPES_H 1
| #define HAVE_STDINT_H 1
| #define HAVE_UNISTD_H 1
| #define HAVE_STRPTIME_L 1
| #define HAVE_TIMEGM 1
| #define HAVE_DECL__MKGMTIME 0
| #define HAVE_STRTOL_L 1
| #define HAVE_STRTOLL_L 1
| /* end confdefs.h.  */
| /* Define _isupper_l to an innocuous variant, in case <limits.h> declares _isupper_l.
|    For example, HP-UX 11i <limits.h> declares gettimeofday.  */
| #define _isupper_l innocuous__isupper_l
| 
| /* System header to define __stub macros and hopefully few prototypes,
|     which can conflict with char _isupper_l (); below.
|     Prefer <limits.h> to <assert.h> if __STDC__ is defined, since
|     <limits.h> exists even on freestanding compilers.  */
| 
| #ifdef __STDC__
| # include <limits.h>
| #else
| # include <assert.h>
| #endif
| 
| #undef _isupper_l
| 
| /* Override any GCC internal prototype to avoid an error.
|    Use char because int might match the return type of a GCC
|    builtin and then its argument prototype would still apply.  */
| #ifdef __cplusplus
| extern "C"
| #endif
| char _isupper_l ();
| /* The GNU C library defines this for functions which it implements
|     to always fail with ENOSYS.  Some functions are actually named
|     something starting with __ and the normal name is an alias.  */
| #if defined __stub__isupper_l || defined __stub____isupper_l
| choke me
| #endif
| 
| int
| main ()
| {
| return _isupper_l ();
|   ;
|   return 0;
| }
configure:3434: result: no
configure:3445: checking for _isdigit_l
configure:3445: /usr/bin/gcc -o conftest -fuse-ld=gold   conftest.c  >&5
/tmp/cci3frbk.o:conftest.c:function main: error: undefined reference to '_isdigit_l'
collect2: error: ld returned 1 exit status
configure:3445: $? = 1
configure: failed program was:
| /* confdefs.h */
| #define PACKAGE_NAME ""
| #define PACKAGE_TARNAME ""
| #define PACKAGE_VERSION ""
| #define PACKAGE_STRING ""
| #define PACKAGE_BUGREPORT ""
| #define PACKAGE_URL ""
| #define STDC_HEADERS 1
| #define HAVE_SYS_TYPES_H 1
| #define HAVE_SYS_STAT_H 1
| #define HAVE_STDLIB_H 1
| #define HAVE_STRING_H 1
| #define HAVE_MEMORY_H 1
| #define HAVE_STRINGS_H 1
| #define HAVE_INTTYPES_H 1
| #define HAVE_STDINT_H 1
| #define HAVE_UNISTD_H 1
| #define HAVE_STRPTIME_L 1
| #define HAVE_TIMEGM 1
| #define HAVE_DECL__MKGMTIME 0
| #define HAVE_STRTOL_L 1
| #define HAVE_STRTOLL_L 1
| /* end confdefs.h.  */
| /* Define _isdigit_l to an innocuous variant, in case <limits.h> declares _isdigit_l.
|    For example, HP-UX 11i <limits.h> declares gettimeofday.  */
| #define _isdigit_l innocuous__isdigit_l
| 
| /* System header to define __stub macros and hopefully few prototypes,
|     which can conflict with char _isdigit_l (); below.
|     Prefer <limits.h> to <assert.h> if __STDC__ is defined, since
|     <limits.h> exists even on freestanding compilers.  */
| 
| #ifdef __STDC__
| # include <limits.h>
| #else
| # include <assert.h>
| #endif
| 
| #undef _isdigit_l
| 
| /* Override any GCC internal prototype to avoid an error.
|    Use char because int might match the return type of a GCC
|    builtin and then its argument prototype would still apply.  */
| #ifdef __cplusplus
| extern "C"
| #endif
| char _isdigit_l ();
| /* The GNU C library defines this for functions which it implements
|     to always fail with ENOSYS.  Some functions are actually named
|     something starting with __ and the normal name is an alias.  */
| #if defined __stub__isdigit_l || defined __stub____isdigit_l
| choke me
| #endif
| 
| int
| main ()
| {
| return _isdigit_l ();
|   ;
|   return 0;
| }
configure:3445: result: no
configure:3456: checking for _isblank_l
configure:3456: /usr/bin/gcc -o conftest -fuse-ld=gold   conftest.c  >&5
/tmp/ccGkp1Z9.o:conftest.c:function main: error: undefined reference to '_isblank_l'
collect2: error: ld returned 1 exit status
configure:3456: $? = 1
configure: failed program was:
| /* confdefs.h */
| #define PACKAGE_NAME ""
| #define PACKAGE_TARNAME ""
| #define PACKAGE_VERSION ""
| #define PACKAGE_STRING ""
| #define PACKAGE_BUGREPORT ""
| #define PACKAGE_URL ""
| #define STDC_HEADERS 1
| #define HAVE_SYS_TYPES_H 1
| #define HAVE_SYS_STAT_H 1
| #define HAVE_STDLIB_H 1
| #define HAVE_STRING_H 1
| #define HAVE_MEMORY_H 1
| #define HAVE_STRINGS_H 1
| #define HAVE_INTTYPES_H 1
| #define HAVE_STDINT_H 1
| #define HAVE_UNISTD_H 1
| #define HAVE_STRPTIME_L 1
| #define HAVE_TIMEGM 1
| #define HAVE_DECL__MKGMTIME 0
| #define HAVE_STRTOL_L 1
| #define HAVE_STRTOLL_L 1
| /* end confdefs.h.  */
| /* Define _isblank_l to an innocuous variant, in case <limits.h> declares _isblank_l.
|    For example, HP-UX 11i <limits.h> declares gettimeofday.  */
| #define _isblank_l innocuous__isblank_l
| 
| /* System header to define __stub macros and hopefully few prototypes,
|     which can conflict with char _isblank_l (); below.
|     Prefer <limits.h> to <assert.h> if __STDC__ is defined, since
|     <limits.h> exists even on freestanding compilers.  */
| 
| #ifdef __STDC__
| # include <limits.h>
| #else
| # include <assert.h>
| #endif
| 
| #undef _isblank_l
| 
| /* Override any GCC internal prototype to avoid an error.
|    Use char because int might match the return type of a GCC
|    builtin and then its argument prototype would still apply.  */
| #ifdef __cplusplus
| extern "C"
| #endif
| char _isblank_l ();
| /* The GNU C library defines this for functions which it implements
|     to always fail with ENOSYS.  Some functions are actually named
|     something starting with __ and the normal name is an alias.  */
| #if defined __stub__isblank_l || defined __stub____isblank_l
| choke me
| #endif
| 
| int
| main ()
| {
| return _isblank_l ();
|   ;
|   return 0;
| }
configure:3456: result: no
configure:3603: creating ./config.status

## ---------------------- ##
## Running config.status. ##
## ---------------------- ##

This file was extended by config.status, which was
generated by GNU Autoconf 2.69.  Invocation command line was

  CONFIG_FILES    = 
  CONFIG_HEADERS  = 
  CONFIG_LINKS    = 
  CONFIG_COMMANDS = 
  $ ./config.status 

on LAPTOP-T468MLNQ

config.status:681: creating cbits/config.h

## ---------------- ##
## Cache variables. ##
## ---------------- ##

ac_cv_c_compiler_gnu=yes
ac_cv_env_CC_set=set
ac_cv_env_CC_value=/usr/bin/gcc
ac_cv_env_CFLAGS_set=set
ac_cv_env_CFLAGS_value=-fuse-ld=gold
ac_cv_env_CPPFLAGS_set=
ac_cv_env_CPPFLAGS_value=
ac_cv_env_CPP_set=
ac_cv_env_CPP_value=
ac_cv_env_LDFLAGS_set=
ac_cv_env_LDFLAGS_value=
ac_cv_env_LIBS_set=
ac_cv_env_LIBS_value=
ac_cv_env_build_alias_set=
ac_cv_env_build_alias_value=
ac_cv_env_host_alias_set=
ac_cv_env_host_alias_value=
ac_cv_env_target_alias_set=
ac_cv_env_target_alias_value=
ac_cv_func__create_locale=no
ac_cv_func__get_current_locale=no
ac_cv_func__isblank_l=no
ac_cv_func__isdigit_l=no
ac_cv_func__isspace_l=no
ac_cv_func__isupper_l=no
ac_cv_func_strptime_l=yes
ac_cv_func_strtol_l=yes
ac_cv_func_strtoll_l=yes
ac_cv_func_timegm=yes
ac_cv_have_decl__mkgmtime=no
ac_cv_header_inttypes_h=yes
ac_cv_header_memory_h=yes
ac_cv_header_stdc=yes
ac_cv_header_stdint_h=yes
ac_cv_header_stdlib_h=yes
ac_cv_header_string_h=yes
ac_cv_header_strings_h=yes
ac_cv_header_sys_stat_h=yes
ac_cv_header_sys_types_h=yes
ac_cv_header_unistd_h=yes
ac_cv_header_xlocale_h=no
ac_cv_objext=o
ac_cv_path_EGREP='/usr/bin/grep -E'
ac_cv_path_GREP=/usr/bin/grep
ac_cv_prog_CPP='/usr/bin/gcc -E'
ac_cv_prog_ac_ct_CC=/usr/bin/gcc
ac_cv_prog_cc_c89=
ac_cv_prog_cc_g=yes

## ----------------- ##
## Output variables. ##
## ----------------- ##

CC='/usr/bin/gcc'
CFLAGS='-fuse-ld=gold'
CPP='/usr/bin/gcc -E'
CPPFLAGS=''
DEFS='-DHAVE_CONFIG_H'
ECHO_C=''
ECHO_N='-n'
ECHO_T=''
EGREP='/usr/bin/grep -E'
EXEEXT=''
GREP='/usr/bin/grep'
LDFLAGS=''
LIBOBJS=''
LIBS=''
LTLIBOBJS=''
OBJEXT='o'
PACKAGE_BUGREPORT=''
PACKAGE_NAME=''
PACKAGE_STRING=''
PACKAGE_TARNAME=''
PACKAGE_URL=''
PACKAGE_VERSION=''
PATH_SEPARATOR=':'
SHELL='/bin/bash'
ac_ct_CC='/usr/bin/gcc'
bindir='/home/ethanc9/.cabal/store/ghc-9.4.8/unix-time-0.4.12-e16abe3db2ba6202eaf67ba80810349b3d90e280f66a88f4c82f90dd309c9373/bin'
build_alias=''
datadir='/home/ethanc9/.cabal/store/ghc-9.4.8/unix-time-0.4.12-e16abe3db2ba6202eaf67ba80810349b3d90e280f66a88f4c82f90dd309c9373/share'
datarootdir='${prefix}/share'
docdir='${datarootdir}/doc/${PACKAGE}'
dvidir='${docdir}'
exec_prefix='${prefix}'
host_alias=''
htmldir='${docdir}'
includedir='${prefix}/include'
infodir='${datarootdir}/info'
libdir='/home/ethanc9/.cabal/store/ghc-9.4.8/unix-time-0.4.12-e16abe3db2ba6202eaf67ba80810349b3d90e280f66a88f4c82f90dd309c9373/lib'
libexecdir='/home/ethanc9/.cabal/store/ghc-9.4.8/unix-time-0.4.12-e16abe3db2ba6202eaf67ba80810349b3d90e280f66a88f4c82f90dd309c9373/libexec'
localedir='${datarootdir}/locale'
localstatedir='${prefix}/var'
mandir='${datarootdir}/man'
oldincludedir='/usr/include'
pdfdir='${docdir}'
prefix='/home/ethanc9/.cabal/store/ghc-9.4.8/unix-time-0.4.12-e16abe3db2ba6202eaf67ba80810349b3d90e280f66a88f4c82f90dd309c9373'
program_transform_name='s,x,x,'
psdir='${docdir}'
runstatedir='${localstatedir}/run'
sbindir='${exec_prefix}/sbin'
sharedstatedir='${prefix}/com'
sysconfdir='/home/ethanc9/.cabal/store/ghc-9.4.8/unix-time-0.4.12-e16abe3db2ba6202eaf67ba80810349b3d90e280f66a88f4c82f90dd309c9373/etc'
target_alias=''

## ----------- ##
## confdefs.h. ##
## ----------- ##

/* confdefs.h */
#define PACKAGE_NAME ""
#define PACKAGE_TARNAME ""
#define PACKAGE_VERSION ""
#define PACKAGE_STRING ""
#define PACKAGE_BUGREPORT ""
#define PACKAGE_URL ""
#define STDC_HEADERS 1
#define HAVE_SYS_TYPES_H 1
#define HAVE_SYS_STAT_H 1
#define HAVE_STDLIB_H 1
#define HAVE_STRING_H 1
#define HAVE_MEMORY_H 1
#define HAVE_STRINGS_H 1
#define HAVE_INTTYPES_H 1
#define HAVE_STDINT_H 1
#define HAVE_UNISTD_H 1
#define HAVE_STRPTIME_L 1
#define HAVE_TIMEGM 1
#define HAVE_DECL__MKGMTIME 0
#define HAVE_STRTOL_L 1
#define HAVE_STRTOLL_L 1
#define IS_LINUX 1
#define IS_NT61 0

configure: exit 0
